<?xml version="1.0" encoding="UTF-8"?>
<!-- Generated by org.testng.reporters.JUnitXMLReporter -->
<testsuite ignored="0" hostname="SC-AD-LA-1706" failures="0" tests="10" name="Default test" time="0.076" errors="0" timestamp="2024-02-12T14:06:53 GST">
  <testcase classname="TestCases.QALegendTestCases" name="@BeforeMethod initialization" time="-1.707732413396E9">
    <failure type="org.testng.TestNGException" message="
Parameter &amp;apos;Browser&amp;apos; is required by BeforeMethod on method initialization but has not been marked @Optional or defined
in C:\Users\Administrator\AppData\Local\Temp\testng-eclipse--1086208960\testng-customsuite.xml">
      <![CDATA[org.testng.TestNGException: 
Parameter 'Browser' is required by BeforeMethod on method initialization but has not been marked @Optional or defined
in C:\Users\Administrator\AppData\Local\Temp\testng-eclipse--1086208960\testng-customsuite.xml
at org.testng.internal.Parameters.createParams(Parameters.java:270)
at org.testng.internal.Parameters.createParametersForMethod(Parameters.java:358)
at org.testng.internal.Parameters.createParameters(Parameters.java:700)
at org.testng.internal.Parameters.createConfigurationParameters(Parameters.java:168)
at org.testng.internal.ConfigInvoker.invokeConfigurations(ConfigInvoker.java:302)
at org.testng.internal.TestInvoker.runConfigMethods(TestInvoker.java:700)
at org.testng.internal.TestInvoker.invokeMethod(TestInvoker.java:527)
at org.testng.internal.TestInvoker.invokeTestMethod(TestInvoker.java:173)
at org.testng.internal.MethodRunner.runInSequence(MethodRunner.java:46)
at org.testng.internal.TestInvoker$MethodInvocationAgent.invoke(TestInvoker.java:824)
at org.testng.internal.TestInvoker.invokeTestMethods(TestInvoker.java:146)
at org.testng.internal.TestMethodWorker.invokeTestMethods(TestMethodWorker.java:146)
at org.testng.internal.TestMethodWorker.run(TestMethodWorker.java:128)
at java.base/java.util.ArrayList.forEach(ArrayList.java:1511)
at org.testng.TestRunner.privateRun(TestRunner.java:794)
at org.testng.TestRunner.run(TestRunner.java:596)
at org.testng.SuiteRunner.runTest(SuiteRunner.java:377)
at org.testng.SuiteRunner.runSequentially(SuiteRunner.java:371)
at org.testng.SuiteRunner.privateRun(SuiteRunner.java:332)
at org.testng.SuiteRunner.run(SuiteRunner.java:276)
at org.testng.SuiteRunnerWorker.runSuite(SuiteRunnerWorker.java:53)
at org.testng.SuiteRunnerWorker.run(SuiteRunnerWorker.java:96)
at org.testng.TestNG.runSuitesSequentially(TestNG.java:1212)
at org.testng.TestNG.runSuitesLocally(TestNG.java:1134)
at org.testng.TestNG.runSuites(TestNG.java:1063)
at org.testng.TestNG.run(TestNG.java:1031)
at org.testng.remote.AbstractRemoteTestNG.run(AbstractRemoteTestNG.java:115)
at org.testng.remote.RemoteTestNG.initAndRun(RemoteTestNG.java:251)
at org.testng.remote.RemoteTestNG.main(RemoteTestNG.java:77)
]]>
    </failure>
  </testcase> <!-- @BeforeMethod initialization -->
  <testcase classname="TestCases.QALegendTestCases" name="@AfterMethod tearDown" time="-1.707732413413E9">
    <skipped/>
  </testcase> <!-- @AfterMethod tearDown -->
  <testcase classname="TestCases.QALegendTestCases" name="@BeforeMethod initialization" time="-1.707732413415E9">
    <skipped/>
  </testcase> <!-- @BeforeMethod initialization -->
  <testcase classname="TestCases.QALegendTestCases" name="@AfterMethod tearDown" time="-1.707732413418E9">
    <skipped/>
  </testcase> <!-- @AfterMethod tearDown -->
  <testcase classname="TestCases.QALegendTestCases" name="@BeforeMethod initialization" time="-1.707732413419E9">
    <skipped/>
  </testcase> <!-- @BeforeMethod initialization -->
  <testcase classname="TestCases.QALegendTestCases" name="@AfterMethod tearDown" time="-1.707732413422E9">
    <skipped/>
  </testcase> <!-- @AfterMethod tearDown -->
  <testcase classname="TestCases.QALegendTestCases" name="@BeforeMethod initialization" time="-1.707732413423E9">
    <skipped/>
  </testcase> <!-- @BeforeMethod initialization -->
  <testcase classname="TestCases.QALegendTestCases" name="@AfterMethod tearDown" time="-1.707732413426E9">
    <skipped/>
  </testcase> <!-- @AfterMethod tearDown -->
  <testcase classname="TestCases.QALegendTestCases" name="@BeforeMethod initialization" time="-1.707732413428E9">
    <skipped/>
  </testcase> <!-- @BeforeMethod initialization -->
  <testcase classname="TestCases.QALegendTestCases" name="@AfterMethod tearDown" time="-1.707732413431E9">
    <skipped/>
  </testcase> <!-- @AfterMethod tearDown -->
  <testcase classname="TestCases.QALegendTestCases" name="@BeforeMethod initialization" time="-1.707732413431E9">
    <skipped/>
  </testcase> <!-- @BeforeMethod initialization -->
  <testcase classname="TestCases.QALegendTestCases" name="@AfterMethod tearDown" time="-1.707732413432E9">
    <skipped/>
  </testcase> <!-- @AfterMethod tearDown -->
  <testcase classname="TestCases.QALegendTestCases" name="@BeforeMethod initialization" time="-1.707732413433E9">
    <skipped/>
  </testcase> <!-- @BeforeMethod initialization -->
  <testcase classname="TestCases.QALegendTestCases" name="@AfterMethod tearDown" time="-1.707732413437E9">
    <skipped/>
  </testcase> <!-- @AfterMethod tearDown -->
  <testcase classname="TestCases.QALegendTestCases" name="@BeforeMethod initialization" time="-1.707732413439E9">
    <skipped/>
  </testcase> <!-- @BeforeMethod initialization -->
  <testcase classname="TestCases.QALegendTestCases" name="@AfterMethod tearDown" time="-1.707732413441E9">
    <skipped/>
  </testcase> <!-- @AfterMethod tearDown -->
  <testcase classname="TestCases.QALegendTestCases" name="@BeforeMethod initialization" time="-1.707732413442E9">
    <skipped/>
  </testcase> <!-- @BeforeMethod initialization -->
  <testcase classname="TestCases.QALegendTestCases" name="@AfterMethod tearDown" time="-1.707732413445E9">
    <skipped/>
  </testcase> <!-- @AfterMethod tearDown -->
  <testcase classname="TestCases.QALegendTestCases" name="@BeforeMethod initialization" time="-1.707732413446E9">
    <skipped/>
  </testcase> <!-- @BeforeMethod initialization -->
  <testcase classname="TestCases.QALegendTestCases" name="@AfterMethod tearDown" time="-1.707732413447E9">
    <skipped/>
  </testcase> <!-- @AfterMethod tearDown -->
  <testcase classname="TestCases.QALegendTestCases" name="loginCRM" time="0.0">
    <skipped/>
  </testcase> <!-- loginCRM -->
  <testcase classname="TestCases.QALegendTestCases" name="testChatBoxFunctionality" time="0.0">
    <skipped/>
  </testcase> <!-- testChatBoxFunctionality -->
  <testcase classname="TestCases.QALegendTestCases" name="projectStatusDropdown" time="0.0">
    <skipped/>
  </testcase> <!-- projectStatusDropdown -->
  <testcase classname="TestCases.QALegendTestCases" name="addItems" time="0.0">
    <skipped/>
  </testcase> <!-- addItems -->
  <testcase classname="TestCases.QALegendTestCases" name="Tickets" time="0.0">
    <skipped/>
  </testcase> <!-- Tickets -->
  <testcase classname="TestCases.QALegendTestCases" name="addAnnouncement" time="0.0">
    <skipped/>
  </testcase> <!-- addAnnouncement -->
  <testcase classname="TestCases.QALegendTestCases" name="applyLeave" time="0.0">
    <skipped/>
  </testcase> <!-- applyLeave -->
  <testcase classname="TestCases.QALegendTestCases" name="addEvent" time="0.0">
    <skipped/>
  </testcase> <!-- addEvent -->
  <testcase classname="TestCases.QALegendTestCases" name="incomeVsExpenses" time="0.0">
    <skipped/>
  </testcase> <!-- incomeVsExpenses -->
  <testcase classname="TestCases.QALegendTestCases" name="clockInOrOutMembers" time="0.0">
    <skipped/>
  </testcase> <!-- clockInOrOutMembers -->
</testsuite> <!-- Default test -->
